<?xml version="1.0" encoding="UTF-8"?>
<testng-results ignored="0" total="1" passed="1" failed="0" skipped="0">
  <reporter-output>
  </reporter-output>
  <suite started-at="2019-05-07T12:45:13Z" name="Default suite" finished-at="2019-05-07T12:45:45Z" duration-ms="32117">
    <groups>
    </groups>
    <test started-at="2019-05-07T12:45:13Z" name="Default test" finished-at="2019-05-07T12:45:45Z" duration-ms="32117">
      <class name="MercuryTourLogin">
        <test-method is-config="true" signature="SetUp()[pri:0, instance:MercuryTourLogin@ed7f8b4]" started-at="2019-05-07T12:45:13Z" name="SetUp" finished-at="2019-05-07T12:45:14Z" duration-ms="1224" status="PASS">
          <reporter-output>
          </reporter-output>
        </test-method> <!-- SetUp -->
        <test-method signature="MercuryLogin()[pri:0, instance:MercuryTourLogin@ed7f8b4]" started-at="2019-05-07T12:45:14Z" name="MercuryLogin" finished-at="2019-05-07T12:45:45Z" duration-ms="30781" status="PASS">
          <reporter-output>
          </reporter-output>
        </test-method> <!-- MercuryLogin -->
        <test-method is-config="true" signature="TearDown()[pri:0, instance:MercuryTourLogin@ed7f8b4]" started-at="2019-05-07T12:45:45Z" name="TearDown" finished-at="2019-05-07T12:45:45Z" duration-ms="72" status="PASS">
          <reporter-output>
          </reporter-output>
        </test-method> <!-- TearDown -->
      </class> <!-- MercuryTourLogin -->
    </test> <!-- Default test -->
  </suite> <!-- Default suite -->
</testng-results>
