<?xml version="1.0" encoding="UTF-8"?>
<testng-results ignored="0" total="1" passed="1" failed="0" skipped="0">
  <reporter-output>
  </reporter-output>
  <suite started-at="2019-04-23T12:48:43Z" name="Default suite" finished-at="2019-04-23T12:49:20Z" duration-ms="37331">
    <groups>
    </groups>
    <test started-at="2019-04-23T12:48:43Z" name="Default test" finished-at="2019-04-23T12:49:20Z" duration-ms="37331">
      <class name="test.TestPIMPage">
        <test-method is-config="true" signature="setup()[pri:0, instance:test.TestPIMPage@1f59a598]" started-at="2019-04-23T12:48:43Z" name="setup" finished-at="2019-04-23T12:48:47Z" duration-ms="4397" status="PASS">
          <reporter-output>
          </reporter-output>
        </test-method> <!-- setup -->
        <test-method signature="test_search_employee()[pri:0, instance:test.TestPIMPage@1f59a598]" started-at="2019-04-23T12:48:47Z" name="test_search_employee" finished-at="2019-04-23T12:49:20Z" duration-ms="32794" status="PASS">
          <reporter-output>
          </reporter-output>
        </test-method> <!-- test_search_employee -->
        <test-method is-config="true" signature="tearDown()[pri:0, instance:test.TestPIMPage@1f59a598]" started-at="2019-04-23T12:49:20Z" name="tearDown" finished-at="2019-04-23T12:49:20Z" duration-ms="89" status="PASS">
          <reporter-output>
          </reporter-output>
        </test-method> <!-- tearDown -->
      </class> <!-- test.TestPIMPage -->
    </test> <!-- Default test -->
  </suite> <!-- Default suite -->
</testng-results>
