<?xml version="1.0" encoding="UTF-8"?>
<testng-results ignored="0" total="1" passed="1" failed="0" skipped="0">
  <reporter-output>
  </reporter-output>
  <suite started-at="2019-04-18T06:46:13Z" name="Default suite" finished-at="2019-04-18T06:46:26Z" duration-ms="12659">
    <groups>
    </groups>
    <test started-at="2019-04-18T06:46:13Z" name="Default test" finished-at="2019-04-18T06:46:26Z" duration-ms="12659">
      <class name="test.Test99GuruLogin">
        <test-method is-config="true" signature="setup()[pri:0, instance:test.Test99GuruLogin@7ee8290b]" started-at="2019-04-18T06:46:13Z" name="setup" finished-at="2019-04-18T06:46:20Z" duration-ms="6733" status="PASS">
          <reporter-output>
          </reporter-output>
        </test-method> <!-- setup -->
        <test-method signature="test_Home_Page_Appear_Correct()[pri:0, instance:test.Test99GuruLogin@7ee8290b]" started-at="2019-04-18T06:46:20Z" name="test_Home_Page_Appear_Correct" finished-at="2019-04-18T06:46:26Z" duration-ms="5758" status="PASS">
          <reporter-output>
          </reporter-output>
        </test-method> <!-- test_Home_Page_Appear_Correct -->
        <test-method is-config="true" signature="tearDown()[pri:0, instance:test.Test99GuruLogin@7ee8290b]" started-at="2019-04-18T06:46:26Z" name="tearDown" finished-at="2019-04-18T06:46:26Z" duration-ms="134" status="PASS">
          <reporter-output>
          </reporter-output>
        </test-method> <!-- tearDown -->
      </class> <!-- test.Test99GuruLogin -->
    </test> <!-- Default test -->
  </suite> <!-- Default suite -->
</testng-results>
